<?xml version="1.0" encoding="UTF-8"?>
<!-- Generated by org.testng.reporters.JUnitXMLReporter -->
<testsuite hostname="Lenovo" ignored="0" name="Default test" tests="8" failures="0" timestamp="28 Dec 2022 13:59:38 GMT" time="0.398" errors="0">
  <testcase name="s1" time="0.037" classname="org.TestNgParrelel.ParellelExe"/>
  <testcase name="s1" time="0.0" classname="org.TestNgParrelel.ParellelExe"/>
  <testcase name="s2" time="0.031" classname="org.TestNgParrelel.ParellelExe"/>
  <testcase name="s2" time="0.015" classname="org.TestNgParrelel.ParellelExe"/>
  <testcase name="s3" time="0.032" classname="org.TestNgParrelel.ParellelExe"/>
  <testcase name="s3" time="0.015" classname="org.TestNgParrelel.ParellelExe"/>
  <testcase name="s4" time="0.0" classname="org.TestNgParrelel.ParellelExe"/>
  <testcase name="s4" time="0.016" classname="org.TestNgParrelel.ParellelExe"/>
</testsuite> <!-- Default test -->
