<?xml version="1.0" encoding="UTF-8"?>
<!-- Generated by org.testng.reporters.JUnitXMLReporter -->
<testsuite hostname="Lenovo" ignored="0" name="Test" tests="8" failures="0" timestamp="28 Dec 2022 14:02:49 GMT" time="0.317" errors="0">
  <testcase name="s4" time="0.035" classname="org.TestNgParrelel.ParellelExe"/>
  <testcase name="s3" time="0.051" classname="org.TestNgParrelel.ParellelExe"/>
  <testcase name="s3" time="0.015" classname="org.TestNgParrelel.ParellelExe"/>
  <testcase name="s1" time="0.114" classname="org.TestNgParrelel.ParellelExe"/>
  <testcase name="s1" time="0.016" classname="org.TestNgParrelel.ParellelExe"/>
  <testcase name="s2" time="0.145" classname="org.TestNgParrelel.ParellelExe"/>
  <testcase name="s4" time="0.031" classname="org.TestNgParrelel.ParellelExe"/>
  <testcase name="s2" time="0.016" classname="org.TestNgParrelel.ParellelExe"/>
</testsuite> <!-- Test -->
